# JRE version: OpenJDK Runtime Environment (8.0_242-b01) (build 1.8.0_242-release-1644-b01)
# Java VM: OpenJDK 64-Bit Server VM (25.242-b01 mixed mode windows-amd64 compressed oops)
Heap:
 PSYoungGen      total 453120K, used 175659K [0x00000000d5580000, 0x00000000f3f80000, 0x0000000100000000)
  eden space 412672K, 35% used [0x00000000d5580000,0x00000000de465a68,0x00000000ee880000)
  from space 40448K, 72% used [0x00000000f1280000,0x00000000f2f253e0,0x00000000f3a00000)
  to   space 43008K, 0% used [0x00000000ee880000,0x00000000ee880000,0x00000000f1280000)
 ParOldGen       total 262144K, used 55636K [0x0000000080000000, 0x0000000090000000, 0x00000000d5580000)
  object space 262144K, 21% used [0x0000000080000000,0x0000000083655018,0x0000000090000000)
 Metaspace       used 110066K, capacity 115750K, committed 116248K, reserved 1150976K
  class space    used 14361K, capacity 15493K, committed 15664K, reserved 1048576K
GC Heap History (10 events):
Event: 44.154 GC heap before
{Heap before GC invocations=14 (full 3):
 PSYoungGen      total 352768K, used 352750K [0x00000000d5580000, 0x00000000ee880000, 0x0000000100000000)
  eden space 330240K, 100% used [0x00000000d5580000,0x00000000e9800000,0x00000000e9800000)
  from space 22528K, 99% used [0x00000000eb100000,0x00000000ec6fb980,0x00000000ec700000)
  to   space 25600K, 0% used [0x00000000e9800000,0x00000000e9800000,0x00000000eb100000)
 ParOldGen       total 169984K, used 38070K [0x0000000080000000, 0x000000008a600000, 0x00000000d5580000)
  object space 169984K, 22% used [0x0000000080000000,0x000000008252db70,0x000000008a600000)
 Metaspace       used 78531K, capacity 82254K, committed 82456K, reserved 1120256K
  class space    used 10609K, capacity 11305K, committed 11312K, reserved 1048576K
Event: 44.210 GC heap after
Heap after GC invocations=14 (full 3):
 PSYoungGen      total 355840K, used 15580K [0x00000000d5580000, 0x00000000efe80000, 0x0000000100000000)
  eden space 330240K, 0% used [0x00000000d5580000,0x00000000d5580000,0x00000000e9800000)
  from space 25600K, 60% used [0x00000000e9800000,0x00000000ea7370f0,0x00000000eb100000)
  to   space 25600K, 0% used [0x00000000ee580000,0x00000000ee580000,0x00000000efe80000)
 ParOldGen       total 169984K, used 51875K [0x0000000080000000, 0x000000008a600000, 0x00000000d5580000)
  object space 169984K, 30% used [0x0000000080000000,0x00000000832a8ca0,0x000000008a600000)
 Metaspace       used 78531K, capacity 82254K, committed 82456K, reserved 1120256K
  class space    used 10609K, capacity 11305K, committed 11312K, reserved 1048576K
}
Event: 51.108 GC heap before
{Heap before GC invocations=15 (full 3):
 PSYoungGen      total 355840K, used 345820K [0x00000000d5580000, 0x00000000efe80000, 0x0000000100000000)
  eden space 330240K, 100% used [0x00000000d5580000,0x00000000e9800000,0x00000000e9800000)
  from space 25600K, 60% used [0x00000000e9800000,0x00000000ea7370f0,0x00000000eb100000)
  to   space 25600K, 0% used [0x00000000ee580000,0x00000000ee580000,0x00000000efe80000)
 ParOldGen       total 169984K, used 51875K [0x0000000080000000, 0x000000008a600000, 0x00000000d5580000)
  object space 169984K, 30% used [0x0000000080000000,0x00000000832a8ca0,0x000000008a600000)
 Metaspace       used 87886K, capacity 93060K, committed 93336K, reserved 1130496K
  class space    used 11968K, capacity 12940K, committed 12976K, reserved 1048576K
Event: 51.223 GC heap after
Heap after GC invocations=15 (full 3):
 PSYoungGen      total 392704K, used 25575K [0x00000000d5580000, 0x00000000f1f80000, 0x0000000100000000)
  eden space 367104K, 0% used [0x00000000d5580000,0x00000000d5580000,0x00000000ebc00000)
  from space 25600K, 99% used [0x00000000ee580000,0x00000000efe79ec8,0x00000000efe80000)
  to   space 42496K, 0% used [0x00000000ebc00000,0x00000000ebc00000,0x00000000ee580000)
 ParOldGen       total 169984K, used 87800K [0x0000000080000000, 0x000000008a600000, 0x00000000d5580000)
  object space 169984K, 51% used [0x0000000080000000,0x00000000855be2d8,0x000000008a600000)
 Metaspace       used 87886K, capacity 93060K, committed 93336K, reserved 1130496K
  class space    used 11968K, capacity 12940K, committed 12976K, reserved 1048576K
}
Event: 517.629 GC heap before
{Heap before GC invocations=16 (full 3):
 PSYoungGen      total 392704K, used 346553K [0x00000000d5580000, 0x00000000f1f80000, 0x0000000100000000)
  eden space 367104K, 87% used [0x00000000d5580000,0x00000000e8ef45a8,0x00000000ebc00000)
  from space 25600K, 99% used [0x00000000ee580000,0x00000000efe79ec8,0x00000000efe80000)
  to   space 42496K, 0% used [0x00000000ebc00000,0x00000000ebc00000,0x00000000ee580000)
 ParOldGen       total 169984K, used 87800K [0x0000000080000000, 0x000000008a600000, 0x00000000d5580000)
  object space 169984K, 51% used [0x0000000080000000,0x00000000855be2d8,0x000000008a600000)
 Metaspace       used 92961K, capacity 98454K, committed 98584K, reserved 1134592K
  class space    used 12446K, capacity 13499K, committed 13616K, reserved 1048576K
Event: 517.689 GC heap after
Heap after GC invocations=16 (full 3):
 PSYoungGen      total 409600K, used 13759K [0x00000000d5580000, 0x00000000f3a00000, 0x0000000100000000)
  eden space 367104K, 0% used [0x00000000d5580000,0x00000000d5580000,0x00000000ebc00000)
  from space 42496K, 32% used [0x00000000ebc00000,0x00000000ec96ff40,0x00000000ee580000)
  to   space 40448K, 0% used [0x00000000f1280000,0x00000000f1280000,0x00000000f3a00000)
 ParOldGen       total 169984K, used 107559K [0x0000000080000000, 0x000000008a600000, 0x00000000d5580000)
  object space 169984K, 63% used [0x0000000080000000,0x0000000086909e38,0x000000008a600000)
 Metaspace       used 92961K, capacity 98454K, committed 98584K, reserved 1134592K
  class space    used 12446K, capacity 13499K, committed 13616K, reserved 1048576K
}
Event: 517.689 GC heap before
{Heap before GC invocations=17 (full 4):
 PSYoungGen      total 409600K, used 13759K [0x00000000d5580000, 0x00000000f3a00000, 0x0000000100000000)
  eden space 367104K, 0% used [0x00000000d5580000,0x00000000d5580000,0x00000000ebc00000)
  from space 42496K, 32% used [0x00000000ebc00000,0x00000000ec96ff40,0x00000000ee580000)
  to   space 40448K, 0% used [0x00000000f1280000,0x00000000f1280000,0x00000000f3a00000)
 ParOldGen       total 169984K, used 107559K [0x0000000080000000, 0x000000008a600000, 0x00000000d5580000)
  object space 169984K, 63% used [0x0000000080000000,0x0000000086909e38,0x000000008a600000)
 Metaspace       used 92961K, capacity 98454K, committed 98584K, reserved 1134592K
  class space    used 12446K, capacity 13499K, committed 13616K, reserved 1048576K
Event: 518.036 GC heap after
Heap after GC invocations=17 (full 4):
 PSYoungGen      total 409600K, used 0K [0x00000000d5580000, 0x00000000f3a00000, 0x0000000100000000)
  eden space 367104K, 0% used [0x00000000d5580000,0x00000000d5580000,0x00000000ebc00000)
  from space 42496K, 0% used [0x00000000ebc00000,0x00000000ebc00000,0x00000000ee580000)
  to   space 40448K, 0% used [0x00000000f1280000,0x00000000f1280000,0x00000000f3a00000)
 ParOldGen       total 262144K, used 55628K [0x0000000080000000, 0x0000000090000000, 0x00000000d5580000)
  object space 262144K, 21% used [0x0000000080000000,0x0000000083653018,0x0000000090000000)
 Metaspace       used 92384K, capacity 97120K, committed 98584K, reserved 1134592K
  class space    used 12239K, capacity 13128K, committed 13616K, reserved 1048576K
}
Event: 630.513 GC heap before
{Heap before GC invocations=18 (full 4):
 PSYoungGen      total 409600K, used 367104K [0x00000000d5580000, 0x00000000f3a00000, 0x0000000100000000)
  eden space 367104K, 100% used [0x00000000d5580000,0x00000000ebc00000,0x00000000ebc00000)
  from space 42496K, 0% used [0x00000000ebc00000,0x00000000ebc00000,0x00000000ee580000)
  to   space 40448K, 0% used [0x00000000f1280000,0x00000000f1280000,0x00000000f3a00000)
 ParOldGen       total 262144K, used 55628K [0x0000000080000000, 0x0000000090000000, 0x00000000d5580000)
  object space 262144K, 21% used [0x0000000080000000,0x0000000083653018,0x0000000090000000)
 Metaspace       used 106355K, capacity 112026K, committed 112536K, reserved 1146880K
  class space    used 13998K, capacity 15125K, committed 15280K, reserved 1048576K
Event: 630.558 GC heap after
Heap after GC invocations=18 (full 4):
 PSYoungGen      total 453120K, used 29332K [0x00000000d5580000, 0x00000000f3f80000, 0x0000000100000000)
  eden space 412672K, 0% used [0x00000000d5580000,0x00000000d5580000,0x00000000ee880000)
  from space 40448K, 72% used [0x00000000f1280000,0x00000000f2f253e0,0x00000000f3a00000)
  to   space 43008K, 0% used [0x00000000ee880000,0x00000000ee880000,0x00000000f1280000)
 ParOldGen       total 262144K, used 55636K [0x0000000080000000, 0x0000000090000000, 0x00000000d5580000)
  object space 262144K, 21% used [0x0000000080000000,0x0000000083655018,0x0000000090000000)
 Metaspace       used 106355K, capacity 112026K, committed 112536K, reserved 1146880K
  class space    used 13998K, capacity 15125K, committed 15280K, reserved 1048576K
}

